<?xml version="1.0" encoding="UTF-8"?>
<!-- Generated by org.testng.reporters.JUnitReportReporter -->
<testsuite skipped="0" hostname="Alok" name="com.datadriven.ReadExcelData" tests="1" failures="0" timestamp="14 Mar 2019 07:05:21 GMT" time="1.081" errors="0">
  <testcase name="readExcelData" time="1.081" classname="com.datadriven.ReadExcelData"/>
</testsuite> <!-- com.datadriven.ReadExcelData -->
