<?xml version="1.0" encoding="UTF-8"?>
<!-- Generated by org.testng.reporters.JUnitReportReporter -->
<testsuite skipped="0" hostname="Alok" name="com.mobile.Launch" tests="1" failures="0" timestamp="13 Mar 2019 18:27:24 GMT" time="0.015" errors="0">
  <testcase name="f" time="0.015" classname="com.mobile.Launch"/>
</testsuite> <!-- com.mobile.Launch -->
