<?xml version="1.0" encoding="UTF-8"?>
<!-- Generated by org.testng.reporters.JUnitReportReporter -->
<testsuite skipped="0" hostname="Alok" name="com.datadriven.ReadExcelData" tests="1" failures="0" timestamp="14 Mar 2019 11:58:39 GMT" time="3.307" errors="0">
  <testcase name="readExcelData" time="3.307" classname="com.datadriven.ReadExcelData"/>
</testsuite> <!-- com.datadriven.ReadExcelData -->
