<?xml version="1.0" encoding="UTF-8"?>
<!-- Generated by org.testng.reporters.JUnitReportReporter -->
<testsuite skipped="0" hostname="Alok" name="com.mobile.Launch" tests="1" failures="0" timestamp="14 Mar 2019 11:58:39 GMT" time="0.022" errors="0">
  <testcase name="f" time="0.022" classname="com.mobile.Launch"/>
</testsuite> <!-- com.mobile.Launch -->
